<?xml version="1.0" encoding="UTF-8"?>
<!-- Generated by org.testng.reporters.JUnitXMLReporter -->
<testsuite hostname="EXIND3901" ignored="0" name="VerifyCustomerCreation2" tests="3" failures="0" timestamp="22 May 2018 12:17:35 GMT" time="28.935" errors="0">
  <testcase name="openURL_CM" time="3.212" classname="parallelTestScenario.VerifyCustomerCreation2"/>
  <testcase name="cmLogin" time="2.918" classname="parallelTestScenario.VerifyCustomerCreation2"/>
  <testcase name="customerCreation" time="16.754" classname="parallelTestScenario.VerifyCustomerCreation2"/>
</testsuite> <!-- VerifyCustomerCreation2 -->
