<?xml version="1.0" encoding="UTF-8"?>
<!-- Generated by org.testng.reporters.JUnitXMLReporter -->
<testsuite hostname="EXIND3901" ignored="0" name="VerifyCustomerCreation" tests="3" failures="0" timestamp="22 May 2018 12:17:37 GMT" time="31.074" errors="0">
  <testcase name="openURL_CM" time="3.212" classname="parallelTestScenario.VerifyCustomerCreation"/>
  <testcase name="cmLogin" time="2.755" classname="parallelTestScenario.VerifyCustomerCreation"/>
  <testcase name="customerCreation" time="17.185" classname="parallelTestScenario.VerifyCustomerCreation"/>
</testsuite> <!-- VerifyCustomerCreation -->
