<?xml version="1.0" encoding="UTF-8"?>
<!-- Generated by org.testng.reporters.JUnitXMLReporter -->
<testsuite hostname="EXIND3901" ignored="0" name="VerifyCustomerCreation" tests="3" failures="0" timestamp="21 May 2018 12:03:37 GMT" time="51.558" errors="0">
  <testcase name="openURL_CM" time="3.354" classname="parallelTestScenario.VerifyCustomerCreation"/>
  <testcase name="cmLogin" time="3.033" classname="parallelTestScenario.VerifyCustomerCreation"/>
  <testcase name="customerCreation" time="41.636" classname="parallelTestScenario.VerifyCustomerCreation"/>
</testsuite> <!-- VerifyCustomerCreation -->
