<?xml version="1.0" encoding="UTF-8"?>
<!-- Generated by org.testng.reporters.JUnitXMLReporter -->
<testsuite hostname="EXIND3901" ignored="0" name="VerifyCmLogout" tests="3" failures="0" timestamp="13 Apr 2018 07:16:47 GMT" time="18.483" errors="0">
  <testcase name="@BeforeClass beforeTestClass" time="0.0" classname="testPackage1.VerifyCmLogout">
    <failure type="java.lang.NullPointerException">
      <![CDATA[java.lang.NullPointerException
	at testPackage1.VerifyCmLogout.beforeTestClass(VerifyCmLogout.java:21)
... Removed 25 stack frames]]>
    </failure>
  </testcase> <!-- @BeforeClass beforeTestClass -->
  <testcase name="@BeforeMethod startMethod" time="0.0" classname="frameworkPackage.FrameworkBase">
    <skipped/>
  </testcase> <!-- @BeforeMethod startMethod -->
  <testcase name="@AfterMethod endMethod" time="0.0" classname="frameworkPackage.FrameworkBase">
    <skipped/>
  </testcase> <!-- @AfterMethod endMethod -->
  <testcase name="@BeforeMethod startMethod" time="0.0" classname="frameworkPackage.FrameworkBase">
    <skipped/>
  </testcase> <!-- @BeforeMethod startMethod -->
  <testcase name="@AfterMethod endMethod" time="0.0" classname="frameworkPackage.FrameworkBase">
    <skipped/>
  </testcase> <!-- @AfterMethod endMethod -->
  <testcase name="@BeforeMethod startMethod" time="0.0" classname="frameworkPackage.FrameworkBase">
    <skipped/>
  </testcase> <!-- @BeforeMethod startMethod -->
  <testcase name="@AfterMethod endMethod" time="0.0" classname="frameworkPackage.FrameworkBase">
    <skipped/>
  </testcase> <!-- @AfterMethod endMethod -->
  <testcase name="@AfterTest endTest" time="0.0" classname="frameworkPackage.FrameworkBase">
    <skipped/>
  </testcase> <!-- @AfterTest endTest -->
  <testcase name="openURL_CM" time="0.001" classname="testPackage1.VerifyCmLogout">
    <skipped/>
  </testcase> <!-- openURL_CM -->
  <testcase name="cmLogin" time="0.001" classname="testPackage1.VerifyCmLogout">
    <skipped/>
  </testcase> <!-- cmLogin -->
  <testcase name="cmLogout" time="0.001" classname="testPackage1.VerifyCmLogout">
    <skipped/>
  </testcase> <!-- cmLogout -->
</testsuite> <!-- VerifyCmLogout -->
