<?xml version="1.0" encoding="UTF-8"?>
<!-- Generated by org.testng.reporters.JUnitXMLReporter -->
<testsuite hostname="EXIND3901" ignored="0" name="VerifyCmLogout" tests="3" failures="0" timestamp="21 May 2018 11:48:42 GMT" time="16.0" errors="0">
  <testcase name="openURL_CM" time="2.92" classname="testPackage1.VerifyCmLogout"/>
  <testcase name="cmLogin" time="3.101" classname="testPackage1.VerifyCmLogout"/>
  <testcase name="cmLogout" time="6.358" classname="testPackage1.VerifyCmLogout"/>
</testsuite> <!-- VerifyCmLogout -->
