<?xml version="1.0" encoding="UTF-8"?>
<!-- Generated by org.testng.reporters.JUnitXMLReporter -->
<testsuite hostname="EXIND3901" ignored="0" name="VerifyOrderSubmission" tests="11" failures="4" timestamp="22 May 2018 11:39:01 GMT" time="121.438" errors="0">
  <testcase name="openURL_CM" time="2.881" classname="centuryOrderCreation.VerifyOrderSubmission"/>
  <testcase name="cmLogin" time="3.084" classname="centuryOrderCreation.VerifyOrderSubmission"/>
  <testcase name="customerCreation" time="23.245" classname="centuryOrderCreation.VerifyOrderSubmission"/>
  <testcase name="accountCreation_Service" time="14.002" classname="centuryOrderCreation.VerifyOrderSubmission"/>
  <testcase name="accountCreation_PrimaryContact" time="12.921" classname="centuryOrderCreation.VerifyOrderSubmission"/>
  <testcase name="accountCreation_Billing" time="19.063" classname="centuryOrderCreation.VerifyOrderSubmission"/>
  <testcase name="addressCreation" time="11.942" classname="centuryOrderCreation.VerifyOrderSubmission">
    <failure type="org.openqa.selenium.NoSuchElementException" message="Unable to find element with xpath == //li[text()=&amp;apos;99546&amp;apos;] (WARNING: The server did not provide any stacktrace information)
Command duration or timeout: 0 milliseconds
For documentation on this error, please visit: http://seleniumhq.org/exceptions/no_such_element.html
Build info: version: &amp;apos;3.7.1&amp;apos;, revision: &amp;apos;8a0099a&amp;apos;, time: &amp;apos;2017-11-06T21:01:39.354Z&amp;apos;
System info: host: &amp;apos;EXIND3901&amp;apos;, ip: &amp;apos;10.90.3.189&amp;apos;, os.name: &amp;apos;Windows 7&amp;apos;, os.arch: &amp;apos;amd64&amp;apos;, os.version: &amp;apos;6.1&amp;apos;, java.version: &amp;apos;1.8.0_45&amp;apos;
Driver info: org.openqa.selenium.ie.InternetExplorerDriver
Capabilities {browserName: internet explorer, javascriptEnabled: true, pageLoadStrategy: normal, platform: WINDOWS, platformName: WINDOWS, se:ieOptions: {browserAttachTimeout: 0, elementScrollBehavior: 0, enableElementCacheCleanup: true, enablePersistentHover: false, ie.browserCommandLineSwitches: , ie.enableFullPageScreenshot: true, ie.ensureCleanSession: false, ie.fileUploadDialogTimeout: 3000, ie.forceCreateProcessApi: false, ie.forceShellWindowsApi: false, ie.useLegacyFileUploadDialogHandling: false, ignoreProtectedModeSettings: true, ignoreZoomSetting: false, initialBrowserUrl: http://localhost:44591/, nativeEvents: true, requireWindowFocus: true}, unexpectedAlertBehaviour: dismiss, unhandledPromptBehavior: dismiss, version: 11}
Session ID: 96473389-6a46-45d4-b3dc-2ccb8ebd8056
*** Element info: {Using=xpath, value=//li[text()=&amp;apos;99546&amp;apos;]}">
      <![CDATA[org.openqa.selenium.NoSuchElementException: Unable to find element with xpath == //li[text()='99546'] (WARNING: The server did not provide any stacktrace information)
Command duration or timeout: 0 milliseconds
For documentation on this error, please visit: http://seleniumhq.org/exceptions/no_such_element.html
Build info: version: '3.7.1', revision: '8a0099a', time: '2017-11-06T21:01:39.354Z'
System info: host: 'EXIND3901', ip: '10.90.3.189', os.name: 'Windows 7', os.arch: 'amd64', os.version: '6.1', java.version: '1.8.0_45'
Driver info: org.openqa.selenium.ie.InternetExplorerDriver
Capabilities {browserName: internet explorer, javascriptEnabled: true, pageLoadStrategy: normal, platform: WINDOWS, platformName: WINDOWS, se:ieOptions: {browserAttachTimeout: 0, elementScrollBehavior: 0, enableElementCacheCleanup: true, enablePersistentHover: false, ie.browserCommandLineSwitches: , ie.enableFullPageScreenshot: true, ie.ensureCleanSession: false, ie.fileUploadDialogTimeout: 3000, ie.forceCreateProcessApi: false, ie.forceShellWindowsApi: false, ie.useLegacyFileUploadDialogHandling: false, ignoreProtectedModeSettings: true, ignoreZoomSetting: false, initialBrowserUrl: http://localhost:44591/, nativeEvents: true, requireWindowFocus: true}, unexpectedAlertBehaviour: dismiss, unhandledPromptBehavior: dismiss, version: 11}
Session ID: 96473389-6a46-45d4-b3dc-2ccb8ebd8056
*** Element info: {Using=xpath, value=//li[text()='99546']}
	at org.openqa.selenium.remote.ErrorHandler.createThrowable(ErrorHandler.java:214)
	at org.openqa.selenium.remote.ErrorHandler.throwIfResponseFailed(ErrorHandler.java:166)
	at org.openqa.selenium.remote.http.JsonHttpResponseCodec.reconstructValue(JsonHttpResponseCodec.java:40)
	at org.openqa.selenium.remote.http.AbstractHttpResponseCodec.decode(AbstractHttpResponseCodec.java:80)
	at org.openqa.selenium.remote.http.AbstractHttpResponseCodec.decode(AbstractHttpResponseCodec.java:44)
	at org.openqa.selenium.remote.HttpCommandExecutor.execute(HttpCommandExecutor.java:164)
	at org.openqa.selenium.remote.service.DriverCommandExecutor.execute(DriverCommandExecutor.java:83)
	at org.openqa.selenium.remote.RemoteWebDriver.execute(RemoteWebDriver.java:600)
	at org.openqa.selenium.remote.RemoteWebDriver.findElement(RemoteWebDriver.java:370)
	at org.openqa.selenium.remote.RemoteWebDriver.findElementByXPath(RemoteWebDriver.java:472)
	at org.openqa.selenium.By$ByXPath.findElement(By.java:361)
	at org.openqa.selenium.remote.RemoteWebDriver.findElement(RemoteWebDriver.java:362)
	at cmPages.AddressTab.addressCreation(AddressTab.java:50)
	at centuryOrderCreation.VerifyOrderSubmission.addressCreation(VerifyOrderSubmission.java:71)
... Removed 29 stack frames]]>
    </failure>
  </testcase> <!-- addressCreation -->
  <testcase name="address_SiteTechnicalContact" time="2.559" classname="centuryOrderCreation.VerifyOrderSubmission">
    <failure type="org.openqa.selenium.NoSuchElementException" message="Unable to find element with xpath == //img[@id=&amp;apos;addcontact-toolEl&amp;apos;] (WARNING: The server did not provide any stacktrace information)
Command duration or timeout: 0 milliseconds
For documentation on this error, please visit: http://seleniumhq.org/exceptions/no_such_element.html
Build info: version: &amp;apos;3.7.1&amp;apos;, revision: &amp;apos;8a0099a&amp;apos;, time: &amp;apos;2017-11-06T21:01:39.354Z&amp;apos;
System info: host: &amp;apos;EXIND3901&amp;apos;, ip: &amp;apos;10.90.3.189&amp;apos;, os.name: &amp;apos;Windows 7&amp;apos;, os.arch: &amp;apos;amd64&amp;apos;, os.version: &amp;apos;6.1&amp;apos;, java.version: &amp;apos;1.8.0_45&amp;apos;
Driver info: org.openqa.selenium.ie.InternetExplorerDriver
Capabilities {browserName: internet explorer, javascriptEnabled: true, pageLoadStrategy: normal, platform: WINDOWS, platformName: WINDOWS, se:ieOptions: {browserAttachTimeout: 0, elementScrollBehavior: 0, enableElementCacheCleanup: true, enablePersistentHover: false, ie.browserCommandLineSwitches: , ie.enableFullPageScreenshot: true, ie.ensureCleanSession: false, ie.fileUploadDialogTimeout: 3000, ie.forceCreateProcessApi: false, ie.forceShellWindowsApi: false, ie.useLegacyFileUploadDialogHandling: false, ignoreProtectedModeSettings: true, ignoreZoomSetting: false, initialBrowserUrl: http://localhost:44591/, nativeEvents: true, requireWindowFocus: true}, unexpectedAlertBehaviour: dismiss, unhandledPromptBehavior: dismiss, version: 11}
Session ID: 96473389-6a46-45d4-b3dc-2ccb8ebd8056
*** Element info: {Using=xpath, value=//img[@id=&amp;apos;addcontact-toolEl&amp;apos;]}">
      <![CDATA[org.openqa.selenium.NoSuchElementException: Unable to find element with xpath == //img[@id='addcontact-toolEl'] (WARNING: The server did not provide any stacktrace information)
Command duration or timeout: 0 milliseconds
For documentation on this error, please visit: http://seleniumhq.org/exceptions/no_such_element.html
Build info: version: '3.7.1', revision: '8a0099a', time: '2017-11-06T21:01:39.354Z'
System info: host: 'EXIND3901', ip: '10.90.3.189', os.name: 'Windows 7', os.arch: 'amd64', os.version: '6.1', java.version: '1.8.0_45'
Driver info: org.openqa.selenium.ie.InternetExplorerDriver
Capabilities {browserName: internet explorer, javascriptEnabled: true, pageLoadStrategy: normal, platform: WINDOWS, platformName: WINDOWS, se:ieOptions: {browserAttachTimeout: 0, elementScrollBehavior: 0, enableElementCacheCleanup: true, enablePersistentHover: false, ie.browserCommandLineSwitches: , ie.enableFullPageScreenshot: true, ie.ensureCleanSession: false, ie.fileUploadDialogTimeout: 3000, ie.forceCreateProcessApi: false, ie.forceShellWindowsApi: false, ie.useLegacyFileUploadDialogHandling: false, ignoreProtectedModeSettings: true, ignoreZoomSetting: false, initialBrowserUrl: http://localhost:44591/, nativeEvents: true, requireWindowFocus: true}, unexpectedAlertBehaviour: dismiss, unhandledPromptBehavior: dismiss, version: 11}
Session ID: 96473389-6a46-45d4-b3dc-2ccb8ebd8056
*** Element info: {Using=xpath, value=//img[@id='addcontact-toolEl']}
	at org.openqa.selenium.remote.ErrorHandler.createThrowable(ErrorHandler.java:214)
	at org.openqa.selenium.remote.ErrorHandler.throwIfResponseFailed(ErrorHandler.java:166)
	at org.openqa.selenium.remote.http.JsonHttpResponseCodec.reconstructValue(JsonHttpResponseCodec.java:40)
	at org.openqa.selenium.remote.http.AbstractHttpResponseCodec.decode(AbstractHttpResponseCodec.java:80)
	at org.openqa.selenium.remote.http.AbstractHttpResponseCodec.decode(AbstractHttpResponseCodec.java:44)
	at org.openqa.selenium.remote.HttpCommandExecutor.execute(HttpCommandExecutor.java:164)
	at org.openqa.selenium.remote.service.DriverCommandExecutor.execute(DriverCommandExecutor.java:83)
	at org.openqa.selenium.remote.RemoteWebDriver.execute(RemoteWebDriver.java:600)
	at org.openqa.selenium.remote.RemoteWebDriver.findElement(RemoteWebDriver.java:370)
	at org.openqa.selenium.remote.RemoteWebDriver.findElementByXPath(RemoteWebDriver.java:472)
	at org.openqa.selenium.By$ByXPath.findElement(By.java:361)
	at org.openqa.selenium.remote.RemoteWebDriver.findElement(RemoteWebDriver.java:362)
	at cmPages.ContactPage.address_SiteTechnicalContact(ContactPage.java:82)
	at centuryOrderCreation.VerifyOrderSubmission.address_SiteTechnicalContact(VerifyOrderSubmission.java:77)
... Removed 29 stack frames]]>
    </failure>
  </testcase> <!-- address_SiteTechnicalContact -->
  <testcase name="serviceConfiguration" time="4.669" classname="centuryOrderCreation.VerifyOrderSubmission">
    <failure type="org.openqa.selenium.NoSuchElementException" message="Unable to find element with id == loadAvailProduct (WARNING: The server did not provide any stacktrace information)
Command duration or timeout: 0 milliseconds
For documentation on this error, please visit: http://seleniumhq.org/exceptions/no_such_element.html
Build info: version: &amp;apos;3.7.1&amp;apos;, revision: &amp;apos;8a0099a&amp;apos;, time: &amp;apos;2017-11-06T21:01:39.354Z&amp;apos;
System info: host: &amp;apos;EXIND3901&amp;apos;, ip: &amp;apos;10.90.3.189&amp;apos;, os.name: &amp;apos;Windows 7&amp;apos;, os.arch: &amp;apos;amd64&amp;apos;, os.version: &amp;apos;6.1&amp;apos;, java.version: &amp;apos;1.8.0_45&amp;apos;
Driver info: org.openqa.selenium.ie.InternetExplorerDriver
Capabilities {browserName: internet explorer, javascriptEnabled: true, pageLoadStrategy: normal, platform: WINDOWS, platformName: WINDOWS, se:ieOptions: {browserAttachTimeout: 0, elementScrollBehavior: 0, enableElementCacheCleanup: true, enablePersistentHover: false, ie.browserCommandLineSwitches: , ie.enableFullPageScreenshot: true, ie.ensureCleanSession: false, ie.fileUploadDialogTimeout: 3000, ie.forceCreateProcessApi: false, ie.forceShellWindowsApi: false, ie.useLegacyFileUploadDialogHandling: false, ignoreProtectedModeSettings: true, ignoreZoomSetting: false, initialBrowserUrl: http://localhost:44591/, nativeEvents: true, requireWindowFocus: true}, unexpectedAlertBehaviour: dismiss, unhandledPromptBehavior: dismiss, version: 11}
Session ID: 96473389-6a46-45d4-b3dc-2ccb8ebd8056
*** Element info: {Using=id, value=loadAvailProduct}">
      <![CDATA[org.openqa.selenium.NoSuchElementException: Unable to find element with id == loadAvailProduct (WARNING: The server did not provide any stacktrace information)
Command duration or timeout: 0 milliseconds
For documentation on this error, please visit: http://seleniumhq.org/exceptions/no_such_element.html
Build info: version: '3.7.1', revision: '8a0099a', time: '2017-11-06T21:01:39.354Z'
System info: host: 'EXIND3901', ip: '10.90.3.189', os.name: 'Windows 7', os.arch: 'amd64', os.version: '6.1', java.version: '1.8.0_45'
Driver info: org.openqa.selenium.ie.InternetExplorerDriver
Capabilities {browserName: internet explorer, javascriptEnabled: true, pageLoadStrategy: normal, platform: WINDOWS, platformName: WINDOWS, se:ieOptions: {browserAttachTimeout: 0, elementScrollBehavior: 0, enableElementCacheCleanup: true, enablePersistentHover: false, ie.browserCommandLineSwitches: , ie.enableFullPageScreenshot: true, ie.ensureCleanSession: false, ie.fileUploadDialogTimeout: 3000, ie.forceCreateProcessApi: false, ie.forceShellWindowsApi: false, ie.useLegacyFileUploadDialogHandling: false, ignoreProtectedModeSettings: true, ignoreZoomSetting: false, initialBrowserUrl: http://localhost:44591/, nativeEvents: true, requireWindowFocus: true}, unexpectedAlertBehaviour: dismiss, unhandledPromptBehavior: dismiss, version: 11}
Session ID: 96473389-6a46-45d4-b3dc-2ccb8ebd8056
*** Element info: {Using=id, value=loadAvailProduct}
	at org.openqa.selenium.remote.ErrorHandler.createThrowable(ErrorHandler.java:214)
	at org.openqa.selenium.remote.ErrorHandler.throwIfResponseFailed(ErrorHandler.java:166)
	at org.openqa.selenium.remote.http.JsonHttpResponseCodec.reconstructValue(JsonHttpResponseCodec.java:40)
	at org.openqa.selenium.remote.http.AbstractHttpResponseCodec.decode(AbstractHttpResponseCodec.java:80)
	at org.openqa.selenium.remote.http.AbstractHttpResponseCodec.decode(AbstractHttpResponseCodec.java:44)
	at org.openqa.selenium.remote.HttpCommandExecutor.execute(HttpCommandExecutor.java:164)
	at org.openqa.selenium.remote.service.DriverCommandExecutor.execute(DriverCommandExecutor.java:83)
	at org.openqa.selenium.remote.RemoteWebDriver.execute(RemoteWebDriver.java:600)
	at org.openqa.selenium.remote.RemoteWebDriver.findElement(RemoteWebDriver.java:370)
	at org.openqa.selenium.remote.RemoteWebDriver.findElementById(RemoteWebDriver.java:416)
	at org.openqa.selenium.By$ById.findElement(By.java:218)
	at org.openqa.selenium.remote.RemoteWebDriver.findElement(RemoteWebDriver.java:362)
	at cmPages.ServicePage.serviceConfiguration(ServicePage.java:31)
	at centuryOrderCreation.VerifyOrderSubmission.serviceConfiguration(VerifyOrderSubmission.java:83)
... Removed 29 stack frames]]>
    </failure>
  </testcase> <!-- serviceConfiguration -->
  <testcase name="orderSummary" time="1.15" classname="centuryOrderCreation.VerifyOrderSubmission">
    <failure type="org.openqa.selenium.NoSuchElementException" message="Unable to find element with xpath == //td[@id=&amp;apos;customerOrderSignatureDate-inputCell&amp;apos;] (WARNING: The server did not provide any stacktrace information)
Command duration or timeout: 0 milliseconds
For documentation on this error, please visit: http://seleniumhq.org/exceptions/no_such_element.html
Build info: version: &amp;apos;3.7.1&amp;apos;, revision: &amp;apos;8a0099a&amp;apos;, time: &amp;apos;2017-11-06T21:01:39.354Z&amp;apos;
System info: host: &amp;apos;EXIND3901&amp;apos;, ip: &amp;apos;10.90.3.189&amp;apos;, os.name: &amp;apos;Windows 7&amp;apos;, os.arch: &amp;apos;amd64&amp;apos;, os.version: &amp;apos;6.1&amp;apos;, java.version: &amp;apos;1.8.0_45&amp;apos;
Driver info: org.openqa.selenium.ie.InternetExplorerDriver
Capabilities {browserName: internet explorer, javascriptEnabled: true, pageLoadStrategy: normal, platform: WINDOWS, platformName: WINDOWS, se:ieOptions: {browserAttachTimeout: 0, elementScrollBehavior: 0, enableElementCacheCleanup: true, enablePersistentHover: false, ie.browserCommandLineSwitches: , ie.enableFullPageScreenshot: true, ie.ensureCleanSession: false, ie.fileUploadDialogTimeout: 3000, ie.forceCreateProcessApi: false, ie.forceShellWindowsApi: false, ie.useLegacyFileUploadDialogHandling: false, ignoreProtectedModeSettings: true, ignoreZoomSetting: false, initialBrowserUrl: http://localhost:44591/, nativeEvents: true, requireWindowFocus: true}, unexpectedAlertBehaviour: dismiss, unhandledPromptBehavior: dismiss, version: 11}
Session ID: 96473389-6a46-45d4-b3dc-2ccb8ebd8056
*** Element info: {Using=xpath, value=//td[@id=&amp;apos;customerOrderSignatureDate-inputCell&amp;apos;]}">
      <![CDATA[org.openqa.selenium.NoSuchElementException: Unable to find element with xpath == //td[@id='customerOrderSignatureDate-inputCell'] (WARNING: The server did not provide any stacktrace information)
Command duration or timeout: 0 milliseconds
For documentation on this error, please visit: http://seleniumhq.org/exceptions/no_such_element.html
Build info: version: '3.7.1', revision: '8a0099a', time: '2017-11-06T21:01:39.354Z'
System info: host: 'EXIND3901', ip: '10.90.3.189', os.name: 'Windows 7', os.arch: 'amd64', os.version: '6.1', java.version: '1.8.0_45'
Driver info: org.openqa.selenium.ie.InternetExplorerDriver
Capabilities {browserName: internet explorer, javascriptEnabled: true, pageLoadStrategy: normal, platform: WINDOWS, platformName: WINDOWS, se:ieOptions: {browserAttachTimeout: 0, elementScrollBehavior: 0, enableElementCacheCleanup: true, enablePersistentHover: false, ie.browserCommandLineSwitches: , ie.enableFullPageScreenshot: true, ie.ensureCleanSession: false, ie.fileUploadDialogTimeout: 3000, ie.forceCreateProcessApi: false, ie.forceShellWindowsApi: false, ie.useLegacyFileUploadDialogHandling: false, ignoreProtectedModeSettings: true, ignoreZoomSetting: false, initialBrowserUrl: http://localhost:44591/, nativeEvents: true, requireWindowFocus: true}, unexpectedAlertBehaviour: dismiss, unhandledPromptBehavior: dismiss, version: 11}
Session ID: 96473389-6a46-45d4-b3dc-2ccb8ebd8056
*** Element info: {Using=xpath, value=//td[@id='customerOrderSignatureDate-inputCell']}
	at org.openqa.selenium.remote.ErrorHandler.createThrowable(ErrorHandler.java:214)
	at org.openqa.selenium.remote.ErrorHandler.throwIfResponseFailed(ErrorHandler.java:166)
	at org.openqa.selenium.remote.http.JsonHttpResponseCodec.reconstructValue(JsonHttpResponseCodec.java:40)
	at org.openqa.selenium.remote.http.AbstractHttpResponseCodec.decode(AbstractHttpResponseCodec.java:80)
	at org.openqa.selenium.remote.http.AbstractHttpResponseCodec.decode(AbstractHttpResponseCodec.java:44)
	at org.openqa.selenium.remote.HttpCommandExecutor.execute(HttpCommandExecutor.java:164)
	at org.openqa.selenium.remote.service.DriverCommandExecutor.execute(DriverCommandExecutor.java:83)
	at org.openqa.selenium.remote.RemoteWebDriver.execute(RemoteWebDriver.java:600)
	at org.openqa.selenium.remote.RemoteWebDriver.findElement(RemoteWebDriver.java:370)
	at org.openqa.selenium.remote.RemoteWebDriver.findElementByXPath(RemoteWebDriver.java:472)
	at org.openqa.selenium.By$ByXPath.findElement(By.java:361)
	at org.openqa.selenium.remote.RemoteWebDriver.findElement(RemoteWebDriver.java:362)
	at cmPages.ServicePage.orderSummary(ServicePage.java:156)
	at centuryOrderCreation.VerifyOrderSubmission.orderSummary(VerifyOrderSubmission.java:89)
... Removed 29 stack frames]]>
    </failure>
  </testcase> <!-- orderSummary -->
  <testcase name="cmLogout" time="1.654" classname="centuryOrderCreation.VerifyOrderSubmission"/>
</testsuite> <!-- VerifyOrderSubmission -->
