<?xml version="1.0" encoding="UTF-8"?>
<!-- Generated by org.testng.reporters.JUnitXMLReporter -->
<testsuite hostname="EXIND3901" ignored="0" name="VerifyOrderSubmission" tests="11" failures="1" timestamp="09 Apr 2018 10:18:15 GMT" time="94.587" errors="0">
  <testcase name="@AfterMethod endMethod" time="0.0" classname="frameworkPackage.FrameworkBase">
    <failure type="java.lang.NullPointerException">
      <![CDATA[java.lang.NullPointerException
	at com.relevantcodes.extentreports.ExtentTest.isPathRelative(ExtentTest.java:465)
	at com.relevantcodes.extentreports.ExtentTest.addScreenCapture(ExtentTest.java:275)
	at frameworkPackage.FrameworkBase.extentReportsStep(FrameworkBase.java:347)
	at frameworkPackage.FrameworkBase.endMethod(FrameworkBase.java:137)
... Removed 27 stack frames]]>
    </failure>
  </testcase> <!-- @AfterMethod endMethod -->
  <testcase name="@BeforeMethod startMethod" time="0.0" classname="frameworkPackage.FrameworkBase">
    <skipped/>
  </testcase> <!-- @BeforeMethod startMethod -->
  <testcase name="@AfterMethod endMethod" time="0.0" classname="frameworkPackage.FrameworkBase">
    <skipped/>
  </testcase> <!-- @AfterMethod endMethod -->
  <testcase name="@BeforeMethod startMethod" time="0.0" classname="frameworkPackage.FrameworkBase">
    <skipped/>
  </testcase> <!-- @BeforeMethod startMethod -->
  <testcase name="@AfterMethod endMethod" time="0.0" classname="frameworkPackage.FrameworkBase">
    <skipped/>
  </testcase> <!-- @AfterMethod endMethod -->
  <testcase name="@AfterTest endTest" time="0.0" classname="frameworkPackage.FrameworkBase">
    <skipped/>
  </testcase> <!-- @AfterTest endTest -->
  <testcase name="openURL_CM" time="5.508" classname="testPackage2.VerifyOrderSubmission"/>
  <testcase name="cmLogin" time="2.298" classname="testPackage2.VerifyOrderSubmission"/>
  <testcase name="customerCreation" time="14.807" classname="testPackage2.VerifyOrderSubmission"/>
  <testcase name="accountCreation_Service" time="5.726" classname="testPackage2.VerifyOrderSubmission"/>
  <testcase name="accountCreation_PrimaryContact" time="5.493" classname="testPackage2.VerifyOrderSubmission"/>
  <testcase name="accountCreation_Billing" time="7.668" classname="testPackage2.VerifyOrderSubmission"/>
  <testcase name="addressCreation" time="13.833" classname="testPackage2.VerifyOrderSubmission"/>
  <testcase name="address_SiteTechnicalContact" time="8.466" classname="testPackage2.VerifyOrderSubmission"/>
  <testcase name="serviceConfiguration" time="12.396" classname="testPackage2.VerifyOrderSubmission">
    <failure type="java.lang.RuntimeException" message="Unexpected result for screenshot command: null">
      <![CDATA[java.lang.RuntimeException: Unexpected result for screenshot command: null
	at org.openqa.selenium.remote.RemoteWebDriver.getScreenshotAs(RemoteWebDriver.java:351)
	at frameworkPackage.FrameworkBase.captureScreen(FrameworkBase.java:311)
	at frameworkPackage.FrameworkBase.extentReportsStep(FrameworkBase.java:334)
	at cmPages.ServicePage.serviceConfiguration(ServicePage.java:102)
	at testPackage2.VerifyOrderSubmission.serviceConfiguration(VerifyOrderSubmission.java:82)
... Removed 25 stack frames]]>
    </failure>
  </testcase> <!-- serviceConfiguration -->
  <testcase name="orderSummary" time="0.001" classname="testPackage2.VerifyOrderSubmission">
    <skipped/>
  </testcase> <!-- orderSummary -->
  <testcase name="cmLogout" time="0.0" classname="testPackage2.VerifyOrderSubmission">
    <skipped/>
  </testcase> <!-- cmLogout -->
</testsuite> <!-- VerifyOrderSubmission -->
