<?xml version="1.0" encoding="UTF-8"?>
<!-- Generated by org.testng.reporters.JUnitXMLReporter -->
<testsuite hostname="EXIND3901" ignored="0" name="VerifyCsoLogin" tests="2" failures="2" timestamp="05 Apr 2018 12:30:20 GMT" time="24.946" errors="0">
  <testcase name="openURL_CSO" time="2.655" classname="testPackage2.VerifyCsoLogin">
    <failure type="java.lang.NullPointerException">
      <![CDATA[java.lang.NullPointerException
	at csoPages.CsoLoginPage.openURL_CSO(CsoLoginPage.java:47)
	at testPackage2.VerifyCsoLogin.openURL_CSO(VerifyCsoLogin.java:29)
... Removed 25 stack frames]]>
    </failure>
  </testcase> <!-- openURL_CSO -->
  <testcase name="csoLogin" time="0.572" classname="testPackage2.VerifyCsoLogin">
    <failure type="java.lang.NullPointerException">
      <![CDATA[java.lang.NullPointerException
	at org.openqa.selenium.support.pagefactory.DefaultElementLocator.findElement(DefaultElementLocator.java:69)
	at org.openqa.selenium.support.pagefactory.internal.LocatingElementHandler.invoke(LocatingElementHandler.java:38)
	at com.sun.proxy.$Proxy13.sendKeys(Unknown Source)
	at csoPages.CsoLoginPage.csoLogin(CsoLoginPage.java:85)
	at testPackage2.VerifyCsoLogin.csoLogin(VerifyCsoLogin.java:35)
... Removed 25 stack frames]]>
    </failure>
  </testcase> <!-- csoLogin -->
</testsuite> <!-- VerifyCsoLogin -->
