<?xml version="1.0" encoding="UTF-8"?>
<testng-results skipped="0" failed="0" ignored="0" total="1" passed="1">
  <reporter-output>
  </reporter-output>
  <suite name="VerifyCmLogin" duration-ms="15956" started-at="2018-03-26T10:54:20Z" finished-at="2018-03-26T10:54:36Z">
    <groups>
    </groups>
    <test name="VerifyCmLogin" duration-ms="15956" started-at="2018-03-26T10:54:20Z" finished-at="2018-03-26T10:54:36Z">
      <class name="testPackage2.VerifyCmLogin">
        <test-method status="PASS" signature="startSuite(org.testng.ITestContext)[pri:0, instance:testPackage2.VerifyCmLogin@457e2f02]" name="startSuite" is-config="true" duration-ms="175" started-at="2018-03-26T16:24:20Z" finished-at="2018-03-26T16:24:20Z">
          <params>
            <param index="0">
              <value>
                <![CDATA[org.testng.TestRunner@751d3241]]>
              </value>
            </param>
          </params>
          <reporter-output>
          </reporter-output>
        </test-method> <!-- startSuite -->
        <test-method status="PASS" signature="startTest(org.testng.ITestContext)[pri:0, instance:testPackage2.VerifyCmLogin@457e2f02]" name="startTest" is-config="true" duration-ms="6518" started-at="2018-03-26T16:24:20Z" finished-at="2018-03-26T16:24:27Z">
          <params>
            <param index="0">
              <value>
                <![CDATA[org.testng.TestRunner@751d3241]]>
              </value>
            </param>
          </params>
          <reporter-output>
          </reporter-output>
        </test-method> <!-- startTest -->
        <test-method status="PASS" signature="cmLogin()[pri:0, instance:testPackage2.VerifyCmLogin@457e2f02]" name="cmLogin" duration-ms="9410" started-at="2018-03-26T16:24:27Z" finished-at="2018-03-26T16:24:36Z">
          <reporter-output>
          </reporter-output>
        </test-method> <!-- cmLogin -->
        <test-method status="PASS" signature="startMethod(java.lang.reflect.Method)[pri:0, instance:testPackage2.VerifyCmLogin@457e2f02]" name="startMethod" is-config="true" duration-ms="0" started-at="2018-03-26T16:24:27Z" finished-at="2018-03-26T16:24:27Z">
          <params>
            <param index="0">
              <value>
                <![CDATA[public void testPackage2.VerifyCmLogin.cmLogin() throws java.lang.Exception]]>
              </value>
            </param>
          </params>
          <reporter-output>
          </reporter-output>
        </test-method> <!-- startMethod -->
        <test-method status="PASS" signature="endMethod(org.testng.ITestResult)[pri:0, instance:testPackage2.VerifyCmLogin@457e2f02]" name="endMethod" is-config="true" duration-ms="1" started-at="2018-03-26T16:24:36Z" finished-at="2018-03-26T16:24:36Z">
          <params>
            <param index="0">
              <value>
                <![CDATA[[TestResult name=cmLogin status=SUCCESS method=VerifyCmLogin.cmLogin()[pri:0, instance:testPackage2.VerifyCmLogin@457e2f02] output={null}]]]>
              </value>
            </param>
          </params>
          <reporter-output>
          </reporter-output>
        </test-method> <!-- endMethod -->
        <test-method status="PASS" signature="endTest()[pri:0, instance:testPackage2.VerifyCmLogin@457e2f02]" name="endTest" is-config="true" duration-ms="2" started-at="2018-03-26T16:24:36Z" finished-at="2018-03-26T16:24:36Z">
          <reporter-output>
          </reporter-output>
        </test-method> <!-- endTest -->
        <test-method status="PASS" signature="endSuite()[pri:0, instance:testPackage2.VerifyCmLogin@457e2f02]" name="endSuite" is-config="true" duration-ms="271" started-at="2018-03-26T16:24:36Z" finished-at="2018-03-26T16:24:37Z">
          <reporter-output>
          </reporter-output>
        </test-method> <!-- endSuite -->
      </class> <!-- testPackage2.VerifyCmLogin -->
    </test> <!-- VerifyCmLogin -->
  </suite> <!-- VerifyCmLogin -->
</testng-results>
